c:\фит\лабораторные работы\лабораторные работы по кпо\лабораторная работа №14\se_lab14\se_lab14\debug\vc142.pdb
c:\фит\лабораторные работы\лабораторные работы по кпо\лабораторная работа №14\se_lab14\se_lab14\debug\vc142.idb
c:\фит\лабораторные работы\лабораторные работы по кпо\лабораторная работа №14\se_lab14\se_lab14\debug\main.obj
c:\фит\лабораторные работы\лабораторные работы по кпо\лабораторная работа №14\se_lab14\se_lab14\debug\parm.obj
c:\фит\лабораторные работы\лабораторные работы по кпо\лабораторная работа №14\se_lab14\se_lab14\debug\in.obj
c:\фит\лабораторные работы\лабораторные работы по кпо\лабораторная работа №14\se_lab14\se_lab14\debug\error.obj
c:\фит\лабораторные работы\лабораторные работы по кпо\лабораторная работа №14\se_lab14\se_lab14\debug\log.obj
c:\фит\лабораторные работы\лабораторные работы по кпо\лабораторная работа №14\se_lab14\debug\se_lab14.exe
c:\фит\лабораторные работы\лабораторные работы по кпо\лабораторная работа №14\se_lab14\se_lab14\debug\se_lab14.ilk
c:\фит\лабораторные работы\лабораторные работы по кпо\лабораторная работа №14\se_lab14\debug\se_lab14.pdb
c:\labi\2sem\kpo\lab14\se_lab14\debug\error.obj
c:\labi\2sem\kpo\lab14\se_lab14\debug\in.obj
c:\labi\2sem\kpo\lab14\se_lab14\debug\log.obj
c:\labi\2sem\kpo\lab14\se_lab14\debug\main.obj
c:\labi\2sem\kpo\lab14\se_lab14\debug\parm.obj
c:\labi\2sem\kpo\lab14\se_lab14\debug\se_lab14.ilk
c:\labi\2sem\kpo\lab14\se_lab14\debug\vc142.idb
c:\labi\2sem\kpo\lab14\se_lab14\debug\vc142.pdb
c:\labi\2sem\kpo\lab14\debug\se_lab14.pdb
c:\labi\2sem\kpo\lab14\se_lab14\debug\se_lab14.tlog\cl.command.1.tlog
c:\labi\2sem\kpo\lab14\se_lab14\debug\se_lab14.tlog\cl.read.1.tlog
c:\labi\2sem\kpo\lab14\se_lab14\debug\se_lab14.tlog\cl.write.1.tlog
c:\labi\2sem\kpo\lab14\se_lab14\debug\se_lab14.tlog\link.command.1.tlog
c:\labi\2sem\kpo\lab14\se_lab14\debug\se_lab14.tlog\link.read.1.tlog
c:\labi\2sem\kpo\lab14\se_lab14\debug\se_lab14.tlog\link.write.1.tlog
